<?xml version="1.0" encoding="UTF-8"?>
<!-- Generated by org.testng.reporters.JUnitReportReporter -->
<testsuite hostname="DESKTOP-917UVCL" failures="0" tests="1" name="Example1" time="3.569" errors="0" timestamp="2022-08-16T20:42:26 IST" skipped="0">
  <testcase classname="Example1" name="method1" time="3.569"/>
  <system-out/>
</testsuite> <!-- Example1 -->
